\BOOKMARK [0][-]{chapter.1}{\376\377\000I\000n\000t\000r\000o\000d\000u\000c\000c\000i\000\363\000n}{}% 1
\BOOKMARK [1][-]{section.1.1}{\376\377\000P\000r\000o\000b\000l\000e\000m\000\341\000t\000i\000c\000a}{chapter.1}% 2
\BOOKMARK [1][-]{section.1.2}{\376\377\000S\000o\000l\000u\000c\000i\000\363\000n}{chapter.1}% 3
\BOOKMARK [1][-]{section.1.3}{\376\377\000O\000b\000j\000e\000t\000i\000v\000o}{chapter.1}% 4
\BOOKMARK [1][-]{section.1.4}{\376\377\000A\000l\000c\000a\000n\000c\000e}{chapter.1}% 5
\BOOKMARK [1][-]{section.1.5}{\376\377\000P\000l\000a\000n\000\040\000d\000e\000\040\000D\000e\000s\000a\000r\000r\000o\000l\000l\000o}{chapter.1}% 6
\BOOKMARK [0][-]{chapter.2}{\376\377\000A\000n\000\341\000l\000i\000s\000i\000s}{}% 7
\BOOKMARK [1][-]{section.2.1}{\376\377\000R\000e\000q\000u\000e\000r\000i\000m\000i\000e\000n\000t\000o\000s\000\040\000F\000u\000n\000c\000i\000o\000n\000a\000l\000e\000s}{chapter.2}% 8
\BOOKMARK [1][-]{section.2.2}{\376\377\000R\000e\000q\000u\000e\000r\000i\000m\000i\000e\000n\000t\000o\000s\000\040\000N\000o\000\040\000F\000u\000n\000c\000i\000o\000n\000a\000l\000e\000s}{chapter.2}% 9
\BOOKMARK [1][-]{section.2.3}{\376\377\000H\000i\000s\000t\000o\000r\000i\000a\000s\000\040\000d\000e\000\040\000u\000s\000u\000a\000r\000i\000o}{chapter.2}% 10
\BOOKMARK [2][-]{subsection.2.3.1}{\376\377\000H\000U\0001\000:\000\040\000I\000n\000i\000c\000i\000a\000r\000\040\000S\000e\000s\000i\000\363\000n}{section.2.3}% 11
\BOOKMARK [2][-]{subsection.2.3.2}{\376\377\000H\000U\0002\000:\000\040\000V\000i\000s\000u\000a\000l\000i\000z\000a\000r\000\040\000D\000a\000s\000h\000b\000o\000a\000r\000d}{section.2.3}% 12
\BOOKMARK [2][-]{subsection.2.3.3}{\376\377\000H\000U\0003\000:\000\040\000V\000i\000s\000u\000a\000l\000i\000z\000a\000r\000\040\000M\000e\000d\000i\000o\000\040\000A\000c\000c\000e\000s\000o}{section.2.3}% 13
\BOOKMARK [2][-]{subsection.2.3.4}{\376\377\000H\000U\0004\000:\000\040\000V\000i\000s\000u\000a\000l\000i\000z\000a\000r\000\040\000C\000\363\000d\000i\000g\000o\000\040\000d\000e\000\040\000R\000e\000s\000p\000u\000e\000s\000t\000a}{section.2.3}% 14
\BOOKMARK [2][-]{subsection.2.3.5}{\376\377\000H\000U\0005\000:\000\040\000V\000i\000s\000u\000a\000l\000i\000z\000a\000r\000\040\000E\000n\000t\000r\000y\000\040\000M\000o\000d\000e}{section.2.3}% 15
\BOOKMARK [2][-]{subsection.2.3.6}{\376\377\000H\000U\0006\000:\000\040\000V\000i\000s\000u\000a\000l\000i\000z\000a\000r\000\040\000T\000o\000k\000e\000n\000\040\000C\0004}{section.2.3}% 16
\BOOKMARK [2][-]{subsection.2.3.7}{\376\377\000H\000U\0007\000:\000\040\000V\000i\000s\000u\000a\000l\000i\000z\000a\000r\000\040\000T\000o\000k\000e\000n\000\040\000C\0000}{section.2.3}% 17
\BOOKMARK [2][-]{subsection.2.3.8}{\376\377\000H\000U\0008\000:\000\040\000V\000i\000s\000u\000a\000l\000i\000z\000a\000r\000\040\000T\000o\000k\000e\000n\000\040\000B\0003}{section.2.3}% 18
\BOOKMARK [2][-]{subsection.2.3.9}{\376\377\000H\000U\0009\000:\000\040\000V\000i\000s\000u\000a\000l\000i\000z\000a\000r\000\040\000T\000o\000k\000e\000n\000\040\000B\0004}{section.2.3}% 19
\BOOKMARK [2][-]{subsection.2.3.10}{\376\377\000H\000U\0001\0000\000:\000\040\000V\000i\000s\000u\000a\000l\000i\000z\000a\000r\000\040\000T\000o\000k\000e\000n\000\040\000B\0002}{section.2.3}% 20
\BOOKMARK [2][-]{subsection.2.3.11}{\376\377\000H\000U\0001\0001\000:\000\040\000V\000i\000s\000u\000a\000l\000i\000z\000a\000r\000\040\000U\000s\000u\000a\000r\000i\000o\000s}{section.2.3}% 21
\BOOKMARK [2][-]{subsection.2.3.12}{\376\377\000H\000U\0001\0002\000:\000\040\000A\000g\000r\000e\000g\000a\000r\000\040\000U\000s\000u\000a\000r\000i\000o}{section.2.3}% 22
\BOOKMARK [2][-]{subsection.2.3.13}{\376\377\000H\000U\0001\0003\000:\000\040\000E\000l\000i\000m\000i\000n\000a\000r\000\040\000U\000s\000u\000a\000r\000i\000o}{section.2.3}% 23
\BOOKMARK [2][-]{subsection.2.3.14}{\376\377\000H\000U\0001\0004\000:\000\040\000M\000o\000d\000i\000f\000i\000c\000a\000r\000\040\000U\000s\000u\000a\000r\000i\000o}{section.2.3}% 24
\BOOKMARK [1][-]{section.2.4}{\376\377\000T\000e\000c\000n\000o\000l\000o\000g\000\355\000a\000s}{chapter.2}% 25
\BOOKMARK [2][-]{subsection.2.4.1}{\376\377\000R\000e\000a\000c\000t\000\040\000J\000S}{section.2.4}% 26
